<?xml version="1.0" encoding="UTF-8"?>
<!-- Generated by org.testng.reporters.JUnitReportReporter -->
<testsuite hostname="Madhav" failures="0" tests="4" name="demotest.LeadSourceTest" time="15.614" errors="0" timestamp="2025-08-24T11:11:58 IST" skipped="0">
  <testcase classname="demotest.LeadSourceTest" name="navigateToLeadSettings" time="3.501"/>
  <testcase classname="demotest.LeadSourceTest" name="createLeadSource" time="5.430"/>
  <testcase classname="demotest.LeadSourceTest" name="editLeadSource" time="3.881"/>
  <testcase classname="demotest.LeadSourceTest" name="deleteLeadSource" time="2.802"/>
</testsuite> <!-- demotest.LeadSourceTest -->
