<?xml version="1.0" encoding="UTF-8"?>
<!-- Generated by org.testng.reporters.JUnitReportReporter -->
<testsuite hostname="Madhav" failures="0" tests="4" name="demotest.LeadSourceTest" time="16.155" errors="0" timestamp="2025-08-24T15:19:01 IST" skipped="0">
  <testcase classname="demotest.LeadSourceTest" name="navigateToLeadSettings" time="3.544"/>
  <testcase classname="demotest.LeadSourceTest" name="createLeadSource" time="5.419"/>
  <testcase classname="demotest.LeadSourceTest" name="editLeadSource" time="4.393"/>
  <testcase classname="demotest.LeadSourceTest" name="deleteLeadSource" time="2.799"/>
</testsuite> <!-- demotest.LeadSourceTest -->
