<?xml version="1.0" encoding="UTF-8"?>
<!-- Generated by org.testng.reporters.JUnitReportReporter -->
<testsuite hostname="Madhav" failures="0" tests="4" name="demotest.LeadSourceTest" time="16.082" errors="0" timestamp="2025-08-24T17:34:27 IST" skipped="0">
  <testcase classname="demotest.LeadSourceTest" name="navigateToLeadSettings" time="3.766"/>
  <testcase classname="demotest.LeadSourceTest" name="createLeadSource" time="5.473"/>
  <testcase classname="demotest.LeadSourceTest" name="editLeadSource" time="3.956"/>
  <testcase classname="demotest.LeadSourceTest" name="deleteLeadSource" time="2.887"/>
</testsuite> <!-- demotest.LeadSourceTest -->
