<?xml version="1.0" encoding="UTF-8"?>
<!-- Generated by org.testng.reporters.JUnitReportReporter -->
<testsuite hostname="Madhav" failures="0" tests="1" name="demotest.mainlogin" time="7.253" errors="0" timestamp="2025-08-24T17:34:27 IST" skipped="0">
  <testcase classname="demotest.mainlogin" name="loginTest" time="7.253"/>
</testsuite> <!-- demotest.mainlogin -->
