<?xml version="1.0" encoding="UTF-8"?>
<!-- Generated by org.testng.reporters.JUnitReportReporter -->
<testsuite hostname="Madhav" failures="0" tests="1" name="demotest.mainlogin" time="6.764" errors="0" timestamp="2025-08-24T15:19:01 IST" skipped="0">
  <testcase classname="demotest.mainlogin" name="loginTest" time="6.764"/>
</testsuite> <!-- demotest.mainlogin -->
